2020/10/17 19:49:58 [INFO] Terraform version: 0.13.4  
2020/10/17 19:49:58 [INFO] Go runtime version: go1.14.7
2020/10/17 19:49:58 [INFO] CLI args: []string{"/usr/bin/terraform", "init"}
2020/10/17 19:49:58 [DEBUG] Attempting to open CLI config file: /home/cachac6/.terraformrc
2020/10/17 19:49:58 [DEBUG] File doesn't exist, but doesn't need to. Ignoring.
2020/10/17 19:49:58 [DEBUG] ignoring non-existing provider search directory terraform.d/plugins
2020/10/17 19:49:58 [DEBUG] ignoring non-existing provider search directory /home/cachac6/.terraform.d/plugins
2020/10/17 19:49:58 [DEBUG] ignoring non-existing provider search directory /home/cachac6/.local/share/terraform/plugins
2020/10/17 19:49:58 [DEBUG] ignoring non-existing provider search directory /usr/share/ubuntu/terraform/plugins
2020/10/17 19:49:58 [DEBUG] ignoring non-existing provider search directory /usr/local/share/terraform/plugins
2020/10/17 19:49:58 [DEBUG] ignoring non-existing provider search directory /usr/share/terraform/plugins
2020/10/17 19:49:58 [DEBUG] ignoring non-existing provider search directory /var/lib/snapd/desktop/terraform/plugins
2020/10/17 19:49:58 [INFO] CLI command args: []string{"init"}
2020/10/17 19:49:58 [TRACE] Meta.Backend: no config given or present on disk, so returning nil config
2020/10/17 19:49:58 [TRACE] Meta.Backend: backend has not previously been initialized in this working directory
2020/10/17 19:49:58 [DEBUG] New state was assigned lineage "ea79b33d-2894-926a-e50e-c95e45e79634"
2020/10/17 19:49:58 [TRACE] Meta.Backend: using default local state only (no backend configuration, and no existing initialized backend)
2020/10/17 19:49:58 [TRACE] Meta.Backend: instantiated backend of type <nil>
2020/10/17 19:49:58 [TRACE] providercache.fillMetaCache: scanning directory .terraform/plugins
2020/10/17 19:49:58 [TRACE] getproviders.SearchLocalDirectory: .terraform/plugins is a symlink to .terraform/plugins
2020/10/17 19:49:58 [TRACE] getproviders.SearchLocalDirectory: found registry.terraform.io/banzaicloud/k8s v0.8.2 for linux_amd64 at .terraform/plugins/registry.terraform.io/banzaicloud/k8s/0.8.2/linux_amd64
2020/10/17 19:49:58 [TRACE] getproviders.SearchLocalDirectory: found registry.terraform.io/hashicorp/google v3.33.0 for linux_amd64 at .terraform/plugins/registry.terraform.io/hashicorp/google/3.33.0/linux_amd64
2020/10/17 19:49:58 [TRACE] getproviders.SearchLocalDirectory: found registry.terraform.io/hashicorp/google v3.5.0 for linux_amd64 at .terraform/plugins/registry.terraform.io/hashicorp/google/3.5.0/linux_amd64
2020/10/17 19:49:58 [TRACE] getproviders.SearchLocalDirectory: found registry.terraform.io/hashicorp/helm v1.2.4 for linux_amd64 at .terraform/plugins/registry.terraform.io/hashicorp/helm/1.2.4/linux_amd64
2020/10/17 19:49:58 [TRACE] getproviders.SearchLocalDirectory: found registry.terraform.io/hashicorp/local v1.4.0 for linux_amd64 at .terraform/plugins/registry.terraform.io/hashicorp/local/1.4.0/linux_amd64
2020/10/17 19:49:58 [TRACE] getproviders.SearchLocalDirectory: found registry.terraform.io/hashicorp/local v2.0.0 for linux_amd64 at .terraform/plugins/registry.terraform.io/hashicorp/local/2.0.0/linux_amd64
2020/10/17 19:49:58 [TRACE] getproviders.SearchLocalDirectory: found registry.terraform.io/hashicorp/tls v2.2.0 for linux_amd64 at .terraform/plugins/registry.terraform.io/hashicorp/tls/2.2.0/linux_amd64
2020/10/17 19:49:58 [TRACE] getproviders.SearchLocalDirectory: found registry.terraform.io/rancher/rancher2 v1.10.2 for linux_amd64 at .terraform/plugins/registry.terraform.io/rancher/rancher2/1.10.2/linux_amd64
2020/10/17 19:49:58 [TRACE] getproviders.SearchLocalDirectory: found registry.terraform.io/rancher/rke v1.1.2 for linux_amd64 at .terraform/plugins/registry.terraform.io/rancher/rke/1.1.2/linux_amd64
2020/10/17 19:49:58 [TRACE] providercache.fillMetaCache: including .terraform/plugins/registry.terraform.io/rancher/rancher2/1.10.2/linux_amd64 as a candidate package for registry.terraform.io/rancher/rancher2 1.10.2
2020/10/17 19:49:58 [TRACE] providercache.fillMetaCache: including .terraform/plugins/registry.terraform.io/rancher/rke/1.1.2/linux_amd64 as a candidate package for registry.terraform.io/rancher/rke 1.1.2
2020/10/17 19:49:58 [TRACE] providercache.fillMetaCache: including .terraform/plugins/registry.terraform.io/banzaicloud/k8s/0.8.2/linux_amd64 as a candidate package for registry.terraform.io/banzaicloud/k8s 0.8.2
2020/10/17 19:49:58 [TRACE] providercache.fillMetaCache: including .terraform/plugins/registry.terraform.io/hashicorp/google/3.5.0/linux_amd64 as a candidate package for registry.terraform.io/hashicorp/google 3.5.0
2020/10/17 19:49:58 [TRACE] providercache.fillMetaCache: including .terraform/plugins/registry.terraform.io/hashicorp/google/3.33.0/linux_amd64 as a candidate package for registry.terraform.io/hashicorp/google 3.33.0
2020/10/17 19:49:58 [TRACE] providercache.fillMetaCache: including .terraform/plugins/registry.terraform.io/hashicorp/helm/1.2.4/linux_amd64 as a candidate package for registry.terraform.io/hashicorp/helm 1.2.4
2020/10/17 19:49:58 [TRACE] providercache.fillMetaCache: including .terraform/plugins/registry.terraform.io/hashicorp/local/1.4.0/linux_amd64 as a candidate package for registry.terraform.io/hashicorp/local 1.4.0
2020/10/17 19:49:58 [TRACE] providercache.fillMetaCache: including .terraform/plugins/registry.terraform.io/hashicorp/local/2.0.0/linux_amd64 as a candidate package for registry.terraform.io/hashicorp/local 2.0.0
2020/10/17 19:49:58 [TRACE] providercache.fillMetaCache: including .terraform/plugins/registry.terraform.io/hashicorp/tls/2.2.0/linux_amd64 as a candidate package for registry.terraform.io/hashicorp/tls 2.2.0
2020/10/17 19:49:58 [TRACE] providercache.fillMetaCache: using cached result from previous scan of .terraform/plugins
2020/10/17 19:49:58 [TRACE] providercache.fillMetaCache: using cached result from previous scan of .terraform/plugins
2020/10/17 19:49:58 [DEBUG] checking for provisioner in "."
2020/10/17 19:49:58 [DEBUG] checking for provisioner in "/usr/bin"
2020/10/17 19:49:58 [INFO] Failed to read plugin lock file .terraform/plugins/linux_amd64/lock.json: open .terraform/plugins/linux_amd64/lock.json: no such file or directory
2020/10/17 19:49:58 [TRACE] Meta.Backend: backend <nil> does not support operations, so wrapping it in a local backend
2020/10/17 19:49:58 [TRACE] backend/local: state manager for workspace "default" will:
 - read initial snapshot from terraform.tfstate
 - write new snapshots to terraform.tfstate
 - create any backup at terraform.tfstate.backup
2020/10/17 19:49:58 [TRACE] statemgr.Filesystem: reading initial snapshot from terraform.tfstate
2020/10/17 19:49:58 [TRACE] statemgr.Filesystem: read snapshot with lineage "828562e8-718b-d180-af5f-3c7f3f573bcc" serial 35
2020/10/17 19:49:58 [TRACE] providercache.fillMetaCache: scanning directory .terraform/plugins
2020/10/17 19:49:58 [TRACE] getproviders.SearchLocalDirectory: .terraform/plugins is a symlink to .terraform/plugins
2020/10/17 19:49:58 [TRACE] getproviders.SearchLocalDirectory: found registry.terraform.io/banzaicloud/k8s v0.8.2 for linux_amd64 at .terraform/plugins/registry.terraform.io/banzaicloud/k8s/0.8.2/linux_amd64
2020/10/17 19:49:58 [TRACE] getproviders.SearchLocalDirectory: found registry.terraform.io/hashicorp/google v3.33.0 for linux_amd64 at .terraform/plugins/registry.terraform.io/hashicorp/google/3.33.0/linux_amd64
2020/10/17 19:49:58 [TRACE] getproviders.SearchLocalDirectory: found registry.terraform.io/hashicorp/google v3.5.0 for linux_amd64 at .terraform/plugins/registry.terraform.io/hashicorp/google/3.5.0/linux_amd64
2020/10/17 19:49:58 [TRACE] getproviders.SearchLocalDirectory: found registry.terraform.io/hashicorp/helm v1.2.4 for linux_amd64 at .terraform/plugins/registry.terraform.io/hashicorp/helm/1.2.4/linux_amd64
2020/10/17 19:49:58 [TRACE] getproviders.SearchLocalDirectory: found registry.terraform.io/hashicorp/local v1.4.0 for linux_amd64 at .terraform/plugins/registry.terraform.io/hashicorp/local/1.4.0/linux_amd64
2020/10/17 19:49:58 [TRACE] getproviders.SearchLocalDirectory: found registry.terraform.io/hashicorp/local v2.0.0 for linux_amd64 at .terraform/plugins/registry.terraform.io/hashicorp/local/2.0.0/linux_amd64
2020/10/17 19:49:58 [TRACE] getproviders.SearchLocalDirectory: found registry.terraform.io/hashicorp/tls v2.2.0 for linux_amd64 at .terraform/plugins/registry.terraform.io/hashicorp/tls/2.2.0/linux_amd64
2020/10/17 19:49:58 [TRACE] getproviders.SearchLocalDirectory: found registry.terraform.io/rancher/rancher2 v1.10.2 for linux_amd64 at .terraform/plugins/registry.terraform.io/rancher/rancher2/1.10.2/linux_amd64
2020/10/17 19:49:58 [TRACE] getproviders.SearchLocalDirectory: found registry.terraform.io/rancher/rke v1.1.2 for linux_amd64 at .terraform/plugins/registry.terraform.io/rancher/rke/1.1.2/linux_amd64
2020/10/17 19:49:58 [TRACE] providercache.fillMetaCache: including .terraform/plugins/registry.terraform.io/banzaicloud/k8s/0.8.2/linux_amd64 as a candidate package for registry.terraform.io/banzaicloud/k8s 0.8.2
2020/10/17 19:49:58 [TRACE] providercache.fillMetaCache: including .terraform/plugins/registry.terraform.io/hashicorp/google/3.5.0/linux_amd64 as a candidate package for registry.terraform.io/hashicorp/google 3.5.0
2020/10/17 19:49:58 [TRACE] providercache.fillMetaCache: including .terraform/plugins/registry.terraform.io/hashicorp/google/3.33.0/linux_amd64 as a candidate package for registry.terraform.io/hashicorp/google 3.33.0
2020/10/17 19:49:58 [TRACE] providercache.fillMetaCache: including .terraform/plugins/registry.terraform.io/hashicorp/helm/1.2.4/linux_amd64 as a candidate package for registry.terraform.io/hashicorp/helm 1.2.4
2020/10/17 19:49:58 [TRACE] providercache.fillMetaCache: including .terraform/plugins/registry.terraform.io/hashicorp/local/1.4.0/linux_amd64 as a candidate package for registry.terraform.io/hashicorp/local 1.4.0
2020/10/17 19:49:58 [TRACE] providercache.fillMetaCache: including .terraform/plugins/registry.terraform.io/hashicorp/local/2.0.0/linux_amd64 as a candidate package for registry.terraform.io/hashicorp/local 2.0.0
2020/10/17 19:49:58 [TRACE] providercache.fillMetaCache: including .terraform/plugins/registry.terraform.io/hashicorp/tls/2.2.0/linux_amd64 as a candidate package for registry.terraform.io/hashicorp/tls 2.2.0
2020/10/17 19:49:58 [TRACE] providercache.fillMetaCache: including .terraform/plugins/registry.terraform.io/rancher/rancher2/1.10.2/linux_amd64 as a candidate package for registry.terraform.io/rancher/rancher2 1.10.2
2020/10/17 19:49:58 [TRACE] providercache.fillMetaCache: including .terraform/plugins/registry.terraform.io/rancher/rke/1.1.2/linux_amd64 as a candidate package for registry.terraform.io/rancher/rke 1.1.2
panic: called ForDisplay on zero-value addrs.Provider

goroutine 1 [running]:
github.com/hashicorp/terraform/addrs.Provider.ForDisplay(0x0, 0x0, 0x0, 0x0, 0x0, 0x0, 0x25d0ac0, 0x8e3be2)
	/home/circleci/project/project/addrs/provider.go:59 +0x2f9
github.com/hashicorp/terraform/command.(*InitCommand).getProviders.func5(0x0, 0x0, 0x0, 0x0, 0x0, 0x0, 0x0, 0x0, 0x0)
	/home/circleci/project/project/command/init.go:493 +0x1e3
github.com/hashicorp/terraform/internal/providercache.(*Installer).EnsureProviderVersions(0xc000197580, 0x2cefe20, 0xc0005f2ab0, 0xc0005f2990, 0x4e, 0xc0003047e0, 0x2cefe20, 0xc0005f2ab0)
	/home/circleci/project/project/internal/providercache/installer.go:238 +0x1662
github.com/hashicorp/terraform/command.(*InitCommand).getProviders(0xc0005ce700, 0xc000801c70, 0xc0001a21b8, 0x0, 0x0, 0x0, 0x0, 0x0, 0x0, 0x0, ...)
	/home/circleci/project/project/command/init.go:694 +0x6dd
github.com/hashicorp/terraform/command.(*InitCommand).Run(0xc0005ce700, 0xc00000c090, 0x0, 0x0, 0xc0005a60c0)
	/home/circleci/project/project/command/init.go:291 +0x10d2
github.com/mitchellh/cli.(*CLI).Run(0xc0006fd040, 0xc0006fd040, 0xc0006bfd48, 0x1)
	/home/circleci/project/project/vendor/github.com/mitchellh/cli/cli.go:255 +0x1da
main.wrappedMain(0x0)
	/home/circleci/project/project/main.go:275 +0xc90
main.realMain(0x0)
	/home/circleci/project/project/main.go:106 +0xde
main.main()
	/home/circleci/project/project/main.go:42 +0x3a
